<?xml version="1.0" encoding="UTF-8"?>
<testng-results skipped="0" failed="0" ignored="0" total="1" passed="1">
  <reporter-output>
  </reporter-output>
  <suite name="Default suite" duration-ms="15577" started-at="2020-06-23T14:36:16Z" finished-at="2020-06-23T14:36:32Z">
    <groups>
    </groups>
    <test name="Default test" duration-ms="15577" started-at="2020-06-23T14:36:16Z" finished-at="2020-06-23T14:36:32Z">
      <class name="TestCases.SearchProductTest">
        <test-method status="PASS" signature="SetUp()[pri:0, instance:TestCases.SearchProductTest@343f4d3d]" name="SetUp" is-config="true" duration-ms="5875" started-at="2020-06-23T15:36:16Z" finished-at="2020-06-23T15:36:22Z">
          <reporter-output>
          </reporter-output>
        </test-method> <!-- SetUp -->
        <test-method status="PASS" signature="SearchProduct()[pri:0, instance:TestCases.SearchProductTest@343f4d3d]" name="SearchProduct" duration-ms="9022" started-at="2020-06-23T15:36:22Z" finished-at="2020-06-23T15:36:31Z">
          <reporter-output>
          </reporter-output>
        </test-method> <!-- SearchProduct -->
        <test-method status="PASS" signature="closePage()[pri:0, instance:TestCases.SearchProductTest@343f4d3d]" name="closePage" is-config="true" duration-ms="668" started-at="2020-06-23T15:36:31Z" finished-at="2020-06-23T15:36:32Z">
          <reporter-output>
          </reporter-output>
        </test-method> <!-- closePage -->
      </class> <!-- TestCases.SearchProductTest -->
    </test> <!-- Default test -->
  </suite> <!-- Default suite -->
</testng-results>
