<?xml version="1.0" encoding="UTF-8"?>
<!-- Generated by org.testng.reporters.JUnitXMLReporter -->
<testsuite hostname="RenAyobamiEL" ignored="0" name="Test" tests="4" failures="0" timestamp="05 May 2020 06:40:56 GMT" time="48.878" errors="0">
  <testcase name="LoginSuccess" time="3.213" classname="TestCases.LoginSuccessTest"/>
  <testcase name="LoginFailure" time="1.311" classname="TestCases.LoginFailureTest"/>
  <testcase name="AddToCart" time="3.126" classname="TestCases.AddToCartTest"/>
  <testcase name="CheckOut" time="4.591" classname="TestCases.CheckOutTest"/>
</testsuite> <!-- Test -->
